<?xml version="1.0" encoding="utf-8"?><testsuites name="pytest tests"><testsuite name="pytest" errors="0" failures="0" skipped="0" tests="15" time="2.678" timestamp="2026-04-24T14:20:30.022625+00:00" hostname="agent-env-832513d4-6c1f-4ba8-b277-f52c6cbe8336"><testcase classname="backend.tests.test_wedding_backend" name="test_root_ok" time="0.283" /><testcase classname="backend.tests.test_wedding_backend" name="test_seed_idempotent" time="0.204" /><testcase classname="backend.tests.test_wedding_backend" name="test_project_defaults" time="0.055" /><testcase classname="backend.tests.test_wedding_backend" name="test_project_update" time="0.113" /><testcase classname="backend.tests.test_wedding_backend" name="test_dream_categories" time="0.050" /><testcase classname="backend.tests.test_wedding_backend" name="test_dream_goals" time="0.099" /><testcase classname="backend.tests.test_wedding_backend" name="test_vendors_seeded" time="0.071" /><testcase classname="backend.tests.test_wedding_backend" name="test_vendor_crud" time="0.255" /><testcase classname="backend.tests.test_wedding_backend" name="test_vendor_service_crud" time="0.351" /><testcase classname="backend.tests.test_wedding_backend" name="test_selection_per_guest_total" time="0.383" /><testcase classname="backend.tests.test_wedding_backend" name="test_selection_fixed_total" time="0.217" /><testcase classname="backend.tests.test_wedding_backend" name="test_tasks_seeded" time="0.050" /><testcase classname="backend.tests.test_wedding_backend" name="test_task_crud" time="0.201" /><testcase classname="backend.tests.test_wedding_backend" name="test_dashboard" time="0.050" /><testcase classname="backend.tests.test_wedding_backend" name="test_seed_reset_preserves_counts" time="0.164" /></testsuite></testsuites>